<?xml version="1.0" encoding="UTF-8"?>
<testsuite name="Logintest" tests="1" skipped="0" failures="0" errors="0" timestamp="2024-03-30T12:01:26" hostname="MacBook-Air-1.local" time="4.129">
  <properties/>
  <testcase name="loginTest" classname="Logintest" time="4.129"/>
  <system-out><![CDATA[]]></system-out>
  <system-err><![CDATA[Starting ChromeDriver 123.0.6312.86 (9b72c47a053648d405376c5cf07999ed626728da-refs/branch-heads/6312@{#698}) on port 44924
Only local connections are allowed.
Please see https://chromedriver.chromium.org/security-considerations for suggestions on keeping ChromeDriver safe.
ChromeDriver was started successfully.
Mar 30, 2024 2:01:29 PM org.openqa.selenium.remote.ProtocolHandshake createSession
INFO: Detected dialect: W3C
]]></system-err>
</testsuite>
